D:\Users\ianco\Desktop\Dev\vs\MSBuild\Microsoft\VC\v160\Microsoft.CppBuild.targets(498,5): warning MSB8004: El directorio Intermediate no termina con una barra diagonal final. Esta instancia de compilación agregará la barra diagonal porque es necesaria para que se pueda evaluar correctamente el directorio Intermediate.
D:\Users\ianco\Desktop\Dev\vs\MSBuild\Microsoft\VC\v160\Microsoft.CppBuild.targets(499,5): warning MSB8004: El directorio Output no termina con una barra diagonal final. Esta instancia de compilación agregará la barra diagonal porque es necesaria para que se pueda evaluar correctamente el directorio Output.
  Bullet.cpp
  Enemy.cpp
D:\Users\ianco\Desktop\Image\2022\1ero\2do cuatri\Desarrollo1\Desarrollo1-Final-Kuznicki\src\GameObjects\Enemy.cpp(70,44): warning C4244: '=': conversión de 'int' a 'float'; posible pérdida de datos
D:\Users\ianco\Desktop\Image\2022\1ero\2do cuatri\Desarrollo1\Desarrollo1-Final-Kuznicki\src\GameObjects\Enemy.cpp(73,34): warning C4244: '=': conversión de 'int' a 'float'; posible pérdida de datos
D:\Users\ianco\Desktop\Image\2022\1ero\2do cuatri\Desarrollo1\Desarrollo1-Final-Kuznicki\src\GameObjects\Enemy.cpp(74,44): warning C4244: '=': conversión de 'int' a 'float'; posible pérdida de datos
D:\Users\ianco\Desktop\Image\2022\1ero\2do cuatri\Desarrollo1\Desarrollo1-Final-Kuznicki\src\GameObjects\Enemy.cpp(77,24): warning C4244: '=': conversión de 'int' a 'float'; posible pérdida de datos
  Gun.cpp
  Player.cpp
  GameManager.cpp
  PlayerManager.cpp
  main.cpp
  Menu.cpp
D:\Users\ianco\Desktop\Image\2022\1ero\2do cuatri\Desarrollo1\Desarrollo1-Final-Kuznicki\src\System\Menu.cpp(81,86): warning C4244: 'argumento': conversión de 'float' a 'int'; posible pérdida de datos
D:\Users\ianco\Desktop\Image\2022\1ero\2do cuatri\Desarrollo1\Desarrollo1-Final-Kuznicki\src\System\Menu.cpp(81,71): warning C4244: 'argumento': conversión de 'float' a 'int'; posible pérdida de datos
D:\Users\ianco\Desktop\Image\2022\1ero\2do cuatri\Desarrollo1\Desarrollo1-Final-Kuznicki\src\System\Menu.cpp(81,48): warning C4244: 'argumento': conversión de 'float' a 'int'; posible pérdida de datos
  RunGame.cpp
D:\Users\ianco\Desktop\Image\2022\1ero\2do cuatri\Desarrollo1\Desarrollo1-Final-Kuznicki\src\System\RunGame.cpp(28,37): warning C4244: '=': conversión de 'float' a 'int'; posible pérdida de datos
  Generando código
  Previous IPDB not found, fall back to full compilation.
  All 69 functions were compiled because no usable IPDB/IOBJ from previous compilation was found.
  Generación de código finalizada
raylib.lib(rcore.obj) : warning LNK4099: no se encontró PDB '' con 'raylib.lib(rcore.obj)' o en ''; se vinculará el objeto sin tener en cuenta información de depuración
raylib.lib(rglfw.obj) : warning LNK4099: no se encontró PDB 'raylib.pdb' con 'raylib.lib(rglfw.obj)' o en 'D:\Users\ianco\Desktop\Image\2022\1ero\2do cuatri\Desarrollo1\Desarrollo1-Final-Kuznicki\bin\raylib.pdb'; se vinculará el objeto sin tener en cuenta información de depuración
raylib.lib(rshapes.obj) : warning LNK4099: no se encontró PDB '' con 'raylib.lib(rshapes.obj)' o en ''; se vinculará el objeto sin tener en cuenta información de depuración
raylib.lib(rtext.obj) : warning LNK4099: no se encontró PDB 'raylib.pdb' con 'raylib.lib(rtext.obj)' o en 'D:\Users\ianco\Desktop\Image\2022\1ero\2do cuatri\Desarrollo1\Desarrollo1-Final-Kuznicki\bin\raylib.pdb'; se vinculará el objeto sin tener en cuenta información de depuración
raylib.lib(rtextures.obj) : warning LNK4099: no se encontró PDB 'raylib.pdb' con 'raylib.lib(rtextures.obj)' o en 'D:\Users\ianco\Desktop\Image\2022\1ero\2do cuatri\Desarrollo1\Desarrollo1-Final-Kuznicki\bin\raylib.pdb'; se vinculará el objeto sin tener en cuenta información de depuración
raylib.lib(utils.obj) : warning LNK4099: no se encontró PDB 'raylib.pdb' con 'raylib.lib(utils.obj)' o en 'D:\Users\ianco\Desktop\Image\2022\1ero\2do cuatri\Desarrollo1\Desarrollo1-Final-Kuznicki\bin\raylib.pdb'; se vinculará el objeto sin tener en cuenta información de depuración
  Desarrollo1-Final-Kuznicki.vcxproj -> D:\Users\ianco\Desktop\Image\2022\1ero\2do cuatri\Desarrollo1\Desarrollo1-Final-Kuznicki\bin\Desarrollo1-Final-Kuznicki.exe
